2025-03-11 00:19:49,771 - Logging initialized (auto crawler)
2025-03-11 00:19:49,869 - [NBA] Latest page determined: 6503
2025-03-11 00:19:49,870 - [NBA] Latest page is 6503.
2025-03-11 00:19:49,870 - [NBA] Crawling latest page: 6503
2025-03-11 00:19:50,048 - Duplicate article, skipping: https://www.ptt.cc/bbs/NBA/M.1741582677.A.89A.html
2025-03-11 00:19:50,205 - Duplicate article, skipping: https://www.ptt.cc/bbs/NBA/M.1741584483.A.492.html
2025-03-11 00:19:50,269 - Duplicate article, skipping: https://www.ptt.cc/bbs/NBA/M.1741586385.A.97D.html
2025-03-11 00:19:50,455 - Duplicate article, skipping: https://www.ptt.cc/bbs/NBA/M.1741587924.A.1CB.html
2025-03-11 00:19:50,707 - Duplicate article, skipping: https://www.ptt.cc/bbs/NBA/M.1741600893.A.50A.html
2025-03-11 00:19:50,865 - Duplicate article, skipping: https://www.ptt.cc/bbs/NBA/M.1741604760.A.BD0.html
2025-03-11 00:19:50,933 - Duplicate article, skipping: https://www.ptt.cc/bbs/NBA/M.1741606417.A.CDA.html
2025-03-11 00:19:51,075 - Duplicate article, skipping: https://www.ptt.cc/bbs/NBA/M.1741607727.A.839.html
2025-03-11 00:19:51,123 - Duplicate article, skipping: https://www.ptt.cc/bbs/NBA/M.1741613043.A.4D3.html
2025-03-11 00:19:51,177 - Duplicate article, skipping: https://www.ptt.cc/bbs/NBA/M.1741614000.A.D6C.html
2025-03-11 00:19:51,248 - Duplicate article, skipping: https://www.ptt.cc/bbs/NBA/M.1741614756.A.F53.html
2025-03-11 00:19:51,526 - Duplicate article, skipping: https://www.ptt.cc/bbs/NBA/M.1728456762.A.CB2.html
2025-03-11 00:19:51,676 - Duplicate article, skipping: https://www.ptt.cc/bbs/NBA/M.1739793100.A.B43.html
2025-03-11 00:19:51,815 - Duplicate article, skipping: https://www.ptt.cc/bbs/NBA/M.1741580735.A.53B.html
2025-03-11 00:19:51,817 - [NBA] Finished crawling page 6503.
2025-03-11 00:19:51,862 - [Stock] Latest page determined: 8443
2025-03-11 00:19:51,863 - [Stock] Latest page is 8443.
2025-03-11 00:19:51,863 - [Stock] Crawling latest page: 8443
2025-03-11 00:19:53,486 - Duplicate article, skipping: https://www.ptt.cc/bbs/Stock/M.1719872231.A.9BA.html
2025-03-11 00:19:53,655 - Duplicate article, skipping: https://www.ptt.cc/bbs/Stock/M.1730738309.A.238.html
2025-03-11 00:19:53,707 - Duplicate article, skipping: https://www.ptt.cc/bbs/Stock/M.1739730011.A.267.html
2025-03-11 00:19:54,058 - Duplicate article, skipping: https://www.ptt.cc/bbs/Stock/M.1741586415.A.C5D.html
2025-03-11 00:19:54,059 - [Stock] Finished crawling page 8443.
2025-03-11 00:19:54,060 - Sleeping for 2 minutes before next crawl...
2025-03-11 01:01:38,013 - Logging initialized (auto crawler)
2025-03-11 01:01:38,094 - [NBA] Latest page determined: 6503
2025-03-11 01:01:38,096 - [NBA] Latest page is 6503.
2025-03-11 01:01:38,096 - [NBA] Crawling latest page: 6503
2025-03-11 01:01:38,272 - Duplicate article, skipping: https://www.ptt.cc/bbs/NBA/M.1741582677.A.89A.html
2025-03-11 01:01:38,425 - Duplicate article, skipping: https://www.ptt.cc/bbs/NBA/M.1741584483.A.492.html
2025-03-11 01:01:38,486 - Duplicate article, skipping: https://www.ptt.cc/bbs/NBA/M.1741586385.A.97D.html
2025-03-11 01:01:38,635 - Duplicate article, skipping: https://www.ptt.cc/bbs/NBA/M.1741587924.A.1CB.html
2025-03-11 01:01:38,887 - Duplicate article, skipping: https://www.ptt.cc/bbs/NBA/M.1741600893.A.50A.html
2025-03-11 01:01:39,025 - Duplicate article, skipping: https://www.ptt.cc/bbs/NBA/M.1741604760.A.BD0.html
2025-03-11 01:01:39,122 - Duplicate article, skipping: https://www.ptt.cc/bbs/NBA/M.1741606417.A.CDA.html
2025-03-11 01:01:39,244 - Duplicate article, skipping: https://www.ptt.cc/bbs/NBA/M.1741607727.A.839.html
2025-03-11 01:01:39,293 - Duplicate article, skipping: https://www.ptt.cc/bbs/NBA/M.1741613043.A.4D3.html
2025-03-11 01:01:39,352 - Duplicate article, skipping: https://www.ptt.cc/bbs/NBA/M.1741614000.A.D6C.html
2025-03-11 01:01:39,460 - Duplicate article, skipping: https://www.ptt.cc/bbs/NBA/M.1741614756.A.F53.html
2025-03-11 01:01:39,512 - Duplicate article, skipping: https://www.ptt.cc/bbs/NBA/M.1741617959.A.71B.html
2025-03-11 01:01:39,686 - Duplicate article, skipping: https://www.ptt.cc/bbs/NBA/M.1741618848.A.87C.html
2025-03-11 01:01:39,733 - Duplicate article, skipping: https://www.ptt.cc/bbs/NBA/M.1741619244.A.3C9.html
2025-03-11 01:01:39,773 - Duplicate article, skipping: https://www.ptt.cc/bbs/NBA/M.1741622352.A.01B.html
2025-03-11 01:01:39,886 - Duplicate article, skipping: https://www.ptt.cc/bbs/NBA/M.1728456762.A.CB2.html
2025-03-11 01:01:40,044 - Duplicate article, skipping: https://www.ptt.cc/bbs/NBA/M.1739793100.A.B43.html
2025-03-11 01:01:40,184 - Duplicate article, skipping: https://www.ptt.cc/bbs/NBA/M.1741580735.A.53B.html
2025-03-11 01:01:40,186 - [NBA] Finished crawling page 6503.
2025-03-11 01:01:40,221 - [Stock] Latest page determined: 8444
2025-03-11 01:01:40,221 - [Stock] Latest page is 8444.
2025-03-11 01:01:40,221 - [Stock] Crawling latest page: 8444
2025-03-11 01:01:40,456 - Duplicate article, skipping: https://www.ptt.cc/bbs/Stock/M.1719872231.A.9BA.html
2025-03-11 01:01:40,574 - Duplicate article, skipping: https://www.ptt.cc/bbs/Stock/M.1730738309.A.238.html
2025-03-11 01:01:40,659 - Duplicate article, skipping: https://www.ptt.cc/bbs/Stock/M.1739730011.A.267.html
2025-03-11 01:01:41,058 - Duplicate article, skipping: https://www.ptt.cc/bbs/Stock/M.1741586415.A.C5D.html
2025-03-11 01:01:41,059 - [Stock] Finished crawling page 8444.
2025-03-11 01:01:41,059 - Sleeping for 2 minutes before next crawl...
2025-03-11 01:03:41,109 - [NBA] Latest page determined: 6503
2025-03-11 01:03:41,109 - [NBA] Latest page is 6503.
2025-03-11 01:03:41,109 - [NBA] Crawling latest page: 6503
2025-03-11 01:03:41,310 - Duplicate article, skipping: https://www.ptt.cc/bbs/NBA/M.1741582677.A.89A.html
2025-03-11 01:03:41,520 - Duplicate article, skipping: https://www.ptt.cc/bbs/NBA/M.1741584483.A.492.html
2025-03-11 01:03:41,574 - Duplicate article, skipping: https://www.ptt.cc/bbs/NBA/M.1741586385.A.97D.html
2025-03-11 01:03:41,780 - Duplicate article, skipping: https://www.ptt.cc/bbs/NBA/M.1741587924.A.1CB.html
2025-03-11 01:03:42,029 - Duplicate article, skipping: https://www.ptt.cc/bbs/NBA/M.1741600893.A.50A.html
2025-03-11 01:03:42,230 - Duplicate article, skipping: https://www.ptt.cc/bbs/NBA/M.1741604760.A.BD0.html
2025-03-11 01:03:42,352 - Duplicate article, skipping: https://www.ptt.cc/bbs/NBA/M.1741606417.A.CDA.html
2025-03-11 01:03:42,520 - Duplicate article, skipping: https://www.ptt.cc/bbs/NBA/M.1741607727.A.839.html
2025-03-11 01:03:42,618 - Duplicate article, skipping: https://www.ptt.cc/bbs/NBA/M.1741613043.A.4D3.html
2025-03-11 01:03:42,670 - Duplicate article, skipping: https://www.ptt.cc/bbs/NBA/M.1741614000.A.D6C.html
2025-03-11 01:03:42,727 - Duplicate article, skipping: https://www.ptt.cc/bbs/NBA/M.1741614756.A.F53.html
2025-03-11 01:03:42,830 - Duplicate article, skipping: https://www.ptt.cc/bbs/NBA/M.1741617959.A.71B.html
2025-03-11 01:03:42,959 - Duplicate article, skipping: https://www.ptt.cc/bbs/NBA/M.1741618848.A.87C.html
2025-03-11 01:03:43,002 - Duplicate article, skipping: https://www.ptt.cc/bbs/NBA/M.1741619244.A.3C9.html
2025-03-11 01:03:43,105 - Duplicate article, skipping: https://www.ptt.cc/bbs/NBA/M.1741622352.A.01B.html
2025-03-11 01:03:43,211 - Duplicate article, skipping: https://www.ptt.cc/bbs/NBA/M.1728456762.A.CB2.html
2025-03-11 01:03:43,380 - Duplicate article, skipping: https://www.ptt.cc/bbs/NBA/M.1739793100.A.B43.html
2025-03-11 01:03:43,511 - Duplicate article, skipping: https://www.ptt.cc/bbs/NBA/M.1741580735.A.53B.html
2025-03-11 01:03:43,512 - [NBA] Finished crawling page 6503.
2025-03-11 01:03:43,555 - [Stock] Latest page determined: 8444
2025-03-11 01:03:43,555 - [Stock] Latest page is 8444.
2025-03-11 01:03:43,555 - [Stock] Crawling latest page: 8444
2025-03-11 01:03:43,707 - Duplicate article, skipping: https://www.ptt.cc/bbs/Stock/M.1741624682.A.F77.html
2025-03-11 01:03:43,753 - Duplicate article, skipping: https://www.ptt.cc/bbs/Stock/M.1741625841.A.005.html
2025-03-11 01:03:43,960 - Duplicate article, skipping: https://www.ptt.cc/bbs/Stock/M.1719872231.A.9BA.html
2025-03-11 01:03:44,150 - Duplicate article, skipping: https://www.ptt.cc/bbs/Stock/M.1730738309.A.238.html
2025-03-11 01:03:44,198 - Duplicate article, skipping: https://www.ptt.cc/bbs/Stock/M.1739730011.A.267.html
2025-03-11 01:03:44,584 - Duplicate article, skipping: https://www.ptt.cc/bbs/Stock/M.1741586415.A.C5D.html
2025-03-11 01:03:44,585 - [Stock] Finished crawling page 8444.
2025-03-11 01:03:44,587 - Sleeping for 2 minutes before next crawl...
2025-03-11 01:05:44,639 - [NBA] Latest page determined: 6503
2025-03-11 01:05:44,639 - [NBA] Latest page is 6503.
2025-03-11 01:05:44,640 - [NBA] Crawling latest page: 6503
2025-03-11 01:05:44,814 - Duplicate article, skipping: https://www.ptt.cc/bbs/NBA/M.1741582677.A.89A.html
2025-03-11 01:05:44,975 - Duplicate article, skipping: https://www.ptt.cc/bbs/NBA/M.1741584483.A.492.html
2025-03-11 01:05:45,039 - Duplicate article, skipping: https://www.ptt.cc/bbs/NBA/M.1741586385.A.97D.html
2025-03-11 01:05:45,225 - Duplicate article, skipping: https://www.ptt.cc/bbs/NBA/M.1741587924.A.1CB.html
2025-03-11 01:05:45,446 - Duplicate article, skipping: https://www.ptt.cc/bbs/NBA/M.1741600893.A.50A.html
2025-03-11 01:05:45,585 - Duplicate article, skipping: https://www.ptt.cc/bbs/NBA/M.1741604760.A.BD0.html
2025-03-11 01:05:45,645 - Duplicate article, skipping: https://www.ptt.cc/bbs/NBA/M.1741606417.A.CDA.html
2025-03-11 01:05:45,774 - Duplicate article, skipping: https://www.ptt.cc/bbs/NBA/M.1741607727.A.839.html
2025-03-11 01:05:45,823 - Duplicate article, skipping: https://www.ptt.cc/bbs/NBA/M.1741613043.A.4D3.html
2025-03-11 01:05:45,874 - Duplicate article, skipping: https://www.ptt.cc/bbs/NBA/M.1741614000.A.D6C.html
2025-03-11 01:05:45,949 - Duplicate article, skipping: https://www.ptt.cc/bbs/NBA/M.1741614756.A.F53.html
2025-03-11 01:05:46,004 - Duplicate article, skipping: https://www.ptt.cc/bbs/NBA/M.1741617959.A.71B.html
2025-03-11 01:05:46,135 - Duplicate article, skipping: https://www.ptt.cc/bbs/NBA/M.1741618848.A.87C.html
2025-03-11 01:05:46,196 - Duplicate article, skipping: https://www.ptt.cc/bbs/NBA/M.1741619244.A.3C9.html
2025-03-11 01:05:46,245 - Duplicate article, skipping: https://www.ptt.cc/bbs/NBA/M.1741622352.A.01B.html
2025-03-11 01:05:46,366 - Duplicate article, skipping: https://www.ptt.cc/bbs/NBA/M.1728456762.A.CB2.html
2025-03-11 01:05:46,515 - Duplicate article, skipping: https://www.ptt.cc/bbs/NBA/M.1739793100.A.B43.html
2025-03-11 01:05:46,644 - Duplicate article, skipping: https://www.ptt.cc/bbs/NBA/M.1741580735.A.53B.html
2025-03-11 01:05:46,646 - [NBA] Finished crawling page 6503.
2025-03-11 01:05:46,698 - [Stock] Latest page determined: 8444
2025-03-11 01:05:46,698 - [Stock] Latest page is 8444.
2025-03-11 01:05:46,698 - [Stock] Crawling latest page: 8444
2025-03-11 01:05:46,787 - Duplicate article, skipping: https://www.ptt.cc/bbs/Stock/M.1741624682.A.F77.html
2025-03-11 01:05:46,838 - Duplicate article, skipping: https://www.ptt.cc/bbs/Stock/M.1741625841.A.005.html
2025-03-11 01:05:46,881 - Duplicate article, skipping: https://www.ptt.cc/bbs/Stock/M.1741625915.A.558.html
2025-03-11 01:05:47,005 - Duplicate article, skipping: https://www.ptt.cc/bbs/Stock/M.1719872231.A.9BA.html
2025-03-11 01:05:47,135 - Duplicate article, skipping: https://www.ptt.cc/bbs/Stock/M.1730738309.A.238.html
2025-03-11 01:05:47,184 - Duplicate article, skipping: https://www.ptt.cc/bbs/Stock/M.1739730011.A.267.html
2025-03-11 01:05:47,533 - Duplicate article, skipping: https://www.ptt.cc/bbs/Stock/M.1741586415.A.C5D.html
2025-03-11 01:05:47,535 - [Stock] Finished crawling page 8444.
2025-03-11 01:05:47,536 - Sleeping for 2 minutes before next crawl...
2025-03-11 01:07:47,590 - [NBA] Latest page determined: 6503
2025-03-11 01:07:47,590 - [NBA] Latest page is 6503.
2025-03-11 01:07:47,590 - [NBA] Crawling latest page: 6503
2025-03-11 01:07:47,761 - Duplicate article, skipping: https://www.ptt.cc/bbs/NBA/M.1741582677.A.89A.html
2025-03-11 01:07:47,932 - Duplicate article, skipping: https://www.ptt.cc/bbs/NBA/M.1741584483.A.492.html
2025-03-11 01:07:48,002 - Duplicate article, skipping: https://www.ptt.cc/bbs/NBA/M.1741586385.A.97D.html
2025-03-11 01:07:48,201 - Duplicate article, skipping: https://www.ptt.cc/bbs/NBA/M.1741587924.A.1CB.html
2025-03-11 01:07:48,399 - Duplicate article, skipping: https://www.ptt.cc/bbs/NBA/M.1741600893.A.50A.html
2025-03-11 01:07:48,570 - Duplicate article, skipping: https://www.ptt.cc/bbs/NBA/M.1741604760.A.BD0.html
2025-03-11 01:07:48,638 - Duplicate article, skipping: https://www.ptt.cc/bbs/NBA/M.1741606417.A.CDA.html
2025-03-11 01:07:48,760 - Duplicate article, skipping: https://www.ptt.cc/bbs/NBA/M.1741607727.A.839.html
2025-03-11 01:07:48,815 - Duplicate article, skipping: https://www.ptt.cc/bbs/NBA/M.1741613043.A.4D3.html
2025-03-11 01:07:48,894 - Duplicate article, skipping: https://www.ptt.cc/bbs/NBA/M.1741614000.A.D6C.html
2025-03-11 01:07:48,969 - Duplicate article, skipping: https://www.ptt.cc/bbs/NBA/M.1741614756.A.F53.html
2025-03-11 01:07:49,025 - Duplicate article, skipping: https://www.ptt.cc/bbs/NBA/M.1741617959.A.71B.html
2025-03-11 01:07:49,150 - Duplicate article, skipping: https://www.ptt.cc/bbs/NBA/M.1741618848.A.87C.html
2025-03-11 01:07:49,195 - Duplicate article, skipping: https://www.ptt.cc/bbs/NBA/M.1741619244.A.3C9.html
2025-03-11 01:07:49,238 - Duplicate article, skipping: https://www.ptt.cc/bbs/NBA/M.1741622352.A.01B.html
2025-03-11 01:07:49,351 - Duplicate article, skipping: https://www.ptt.cc/bbs/NBA/M.1728456762.A.CB2.html
2025-03-11 01:07:49,510 - Duplicate article, skipping: https://www.ptt.cc/bbs/NBA/M.1739793100.A.B43.html
2025-03-11 01:07:49,680 - Duplicate article, skipping: https://www.ptt.cc/bbs/NBA/M.1741580735.A.53B.html
2025-03-11 01:07:49,681 - [NBA] Finished crawling page 6503.
2025-03-11 01:07:49,726 - [Stock] Latest page determined: 8444
2025-03-11 01:07:49,727 - [Stock] Latest page is 8444.
2025-03-11 01:07:49,727 - [Stock] Crawling latest page: 8444
2025-03-11 01:07:49,807 - Duplicate article, skipping: https://www.ptt.cc/bbs/Stock/M.1741624682.A.F77.html
2025-03-11 01:07:49,861 - Duplicate article, skipping: https://www.ptt.cc/bbs/Stock/M.1741625841.A.005.html
2025-03-11 01:07:49,907 - Duplicate article, skipping: https://www.ptt.cc/bbs/Stock/M.1741625915.A.558.html
2025-03-11 01:07:50,080 - Duplicate article, skipping: https://www.ptt.cc/bbs/Stock/M.1719872231.A.9BA.html
2025-03-11 01:07:50,211 - Duplicate article, skipping: https://www.ptt.cc/bbs/Stock/M.1730738309.A.238.html
2025-03-11 01:07:50,262 - Duplicate article, skipping: https://www.ptt.cc/bbs/Stock/M.1739730011.A.267.html
2025-03-11 01:07:50,625 - Duplicate article, skipping: https://www.ptt.cc/bbs/Stock/M.1741586415.A.C5D.html
2025-03-11 01:07:50,626 - [Stock] Finished crawling page 8444.
2025-03-11 01:07:50,626 - Sleeping for 2 minutes before next crawl...
2025-03-20 12:14:24,601 - Logging initialized (auto crawler)
2025-03-20 12:14:24,693 - [NBA] Latest page determined: 6510
2025-03-20 12:14:24,693 - [NBA] Latest page is 6510.
2025-03-20 12:14:24,693 - [NBA] Crawling latest page: 6510
2025-03-20 12:14:24,859 - Duplicate article, skipping: https://www.ptt.cc/bbs/NBA/M.1742437671.A.522.html
2025-03-20 12:14:24,919 - Duplicate article, skipping: https://www.ptt.cc/bbs/NBA/M.1742437767.A.527.html
2025-03-20 12:14:24,967 - Duplicate article, skipping: https://www.ptt.cc/bbs/NBA/M.1742438100.A.729.html
2025-03-20 12:14:25,032 - Duplicate article, skipping: https://www.ptt.cc/bbs/NBA/M.1742438245.A.4FC.html
2025-03-20 12:14:25,078 - Duplicate article, skipping: https://www.ptt.cc/bbs/NBA/M.1742438537.A.40D.html
2025-03-20 12:14:25,123 - Duplicate article, skipping: https://www.ptt.cc/bbs/NBA/M.1742440075.A.5F2.html
2025-03-20 12:14:25,177 - Duplicate article, skipping: https://www.ptt.cc/bbs/NBA/M.1742440636.A.189.html
2025-03-20 12:14:25,233 - Duplicate article, skipping: https://www.ptt.cc/bbs/NBA/M.1742442805.A.49A.html
2025-03-20 12:14:25,296 - Duplicate article, skipping: https://www.ptt.cc/bbs/NBA/M.1742442835.A.F44.html
2025-03-20 12:14:25,402 - Duplicate article, skipping: https://www.ptt.cc/bbs/NBA/M.1728456762.A.CB2.html
2025-03-20 12:14:25,541 - Duplicate article, skipping: https://www.ptt.cc/bbs/NBA/M.1739793100.A.B43.html
2025-03-20 12:14:25,662 - Duplicate article, skipping: https://www.ptt.cc/bbs/NBA/M.1742360934.A.3D8.html
2025-03-20 12:14:25,663 - [NBA] Finished crawling page 6510.
2025-03-20 12:14:25,711 - [Stock] Latest page determined: 8489
2025-03-20 12:14:25,711 - [Stock] Latest page is 8489.
2025-03-20 12:14:25,711 - [Stock] Crawling latest page: 8489
2025-03-20 12:14:25,838 - Duplicate article, skipping: https://www.ptt.cc/bbs/Stock/M.1742433539.A.29C.html
2025-03-20 12:14:25,899 - Duplicate article, skipping: https://www.ptt.cc/bbs/Stock/M.1742434536.A.EA6.html
2025-03-20 12:14:25,949 - Duplicate article, skipping: https://www.ptt.cc/bbs/Stock/M.1742435160.A.589.html
2025-03-20 12:14:26,022 - Duplicate article, skipping: https://www.ptt.cc/bbs/Stock/M.1742435212.A.CC7.html
2025-03-20 12:14:26,073 - Duplicate article, skipping: https://www.ptt.cc/bbs/Stock/M.1742436360.A.1A3.html
2025-03-20 12:14:26,113 - Duplicate article, skipping: https://www.ptt.cc/bbs/Stock/M.1742437220.A.B6D.html
2025-03-20 12:14:26,170 - Duplicate article, skipping: https://www.ptt.cc/bbs/Stock/M.1742437910.A.E0C.html
2025-03-20 12:14:26,220 - Duplicate article, skipping: https://www.ptt.cc/bbs/Stock/M.1742438406.A.43C.html
2025-03-20 12:14:26,279 - Duplicate article, skipping: https://www.ptt.cc/bbs/Stock/M.1742438557.A.337.html
2025-03-20 12:14:26,329 - Duplicate article, skipping: https://www.ptt.cc/bbs/Stock/M.1742439747.A.990.html
2025-03-20 12:14:26,375 - Duplicate article, skipping: https://www.ptt.cc/bbs/Stock/M.1742439973.A.751.html
2025-03-20 12:14:26,560 - Duplicate article, skipping: https://www.ptt.cc/bbs/Stock/M.1742441637.A.0D7.html
2025-03-20 12:14:26,601 - Duplicate article, skipping: https://www.ptt.cc/bbs/Stock/M.1742442628.A.7FB.html
2025-03-20 12:14:26,647 - Duplicate article, skipping: https://www.ptt.cc/bbs/Stock/M.1742443654.A.ED8.html
2025-03-20 12:14:26,713 - Duplicate article, skipping: https://www.ptt.cc/bbs/Stock/M.1742443835.A.7AB.html
2025-03-20 12:14:26,842 - Duplicate article, skipping: https://www.ptt.cc/bbs/Stock/M.1719872231.A.9BA.html
2025-03-20 12:14:26,961 - Duplicate article, skipping: https://www.ptt.cc/bbs/Stock/M.1730738309.A.238.html
2025-03-20 12:14:27,037 - Duplicate article, skipping: https://www.ptt.cc/bbs/Stock/M.1739730011.A.267.html
2025-03-20 12:14:27,111 - Duplicate article, skipping: https://www.ptt.cc/bbs/Stock/M.1741674341.A.D28.html
2025-03-20 12:14:27,392 - Duplicate article, skipping: https://www.ptt.cc/bbs/Stock/M.1742430602.A.F16.html
2025-03-20 12:14:27,393 - [Stock] Finished crawling page 8489.
2025-03-20 12:14:27,438 - [Gossiping] Latest page determined: 39187
2025-03-20 12:14:27,438 - [Gossiping] Latest page is 39187.
2025-03-20 12:14:27,438 - [Gossiping] Crawling latest page: 39187
2025-03-20 12:14:27,516 - Duplicate article, skipping: https://www.ptt.cc/bbs/Gossiping/M.1742443753.A.AF4.html
2025-03-20 12:14:27,581 - Duplicate article, skipping: https://www.ptt.cc/bbs/Gossiping/M.1742443758.A.0A1.html
2025-03-20 12:14:27,730 - Duplicate article, skipping: https://www.ptt.cc/bbs/Gossiping/M.1742443810.A.4E5.html
2025-03-20 12:14:27,941 - Duplicate article, skipping: https://www.ptt.cc/bbs/Gossiping/M.1730554547.A.41C.html
2025-03-20 12:14:28,041 - Duplicate article, skipping: https://www.ptt.cc/bbs/Gossiping/M.1737398137.A.644.html
2025-03-20 12:14:28,191 - Duplicate article, skipping: https://www.ptt.cc/bbs/Gossiping/M.1740024219.A.1EB.html
2025-03-20 12:14:28,260 - Duplicate article, skipping: https://www.ptt.cc/bbs/Gossiping/M.1741748289.A.407.html
2025-03-20 12:14:28,401 - Duplicate article, skipping: https://www.ptt.cc/bbs/Gossiping/M.1741791500.A.EB6.html
2025-03-20 12:14:28,402 - [Gossiping] Finished crawling page 39187.
2025-03-20 12:14:28,402 - Sleeping for 2 minutes before next crawl...
2025-03-20 12:15:27,910 - Logging initialized (auto crawler)
2025-03-20 12:15:28,007 - [NBA] Latest page determined: 6510
2025-03-20 12:15:28,007 - [NBA] Latest page is 6510.
2025-03-20 12:15:28,007 - [NBA] Crawling latest page: 6510
2025-03-20 12:15:28,093 - Duplicate article, skipping: https://www.ptt.cc/bbs/NBA/M.1742437671.A.522.html
2025-03-20 12:15:28,149 - Duplicate article, skipping: https://www.ptt.cc/bbs/NBA/M.1742437767.A.527.html
2025-03-20 12:15:28,189 - Duplicate article, skipping: https://www.ptt.cc/bbs/NBA/M.1742438100.A.729.html
2025-03-20 12:15:28,245 - Duplicate article, skipping: https://www.ptt.cc/bbs/NBA/M.1742438245.A.4FC.html
2025-03-20 12:15:28,310 - Duplicate article, skipping: https://www.ptt.cc/bbs/NBA/M.1742438537.A.40D.html
2025-03-20 12:15:28,357 - Duplicate article, skipping: https://www.ptt.cc/bbs/NBA/M.1742440075.A.5F2.html
2025-03-20 12:15:28,407 - Duplicate article, skipping: https://www.ptt.cc/bbs/NBA/M.1742440636.A.189.html
2025-03-20 12:15:28,453 - Duplicate article, skipping: https://www.ptt.cc/bbs/NBA/M.1742442805.A.49A.html
2025-03-20 12:15:28,493 - Duplicate article, skipping: https://www.ptt.cc/bbs/NBA/M.1742442835.A.F44.html
2025-03-20 12:15:28,630 - Duplicate article, skipping: https://www.ptt.cc/bbs/NBA/M.1728456762.A.CB2.html
2025-03-20 12:15:28,760 - Duplicate article, skipping: https://www.ptt.cc/bbs/NBA/M.1739793100.A.B43.html
2025-03-20 12:15:28,869 - Duplicate article, skipping: https://www.ptt.cc/bbs/NBA/M.1742360934.A.3D8.html
2025-03-20 12:15:28,870 - [NBA] Finished crawling page 6510.
2025-03-20 12:17:37,793 - Logging initialized (auto crawler)
2025-03-20 12:17:37,884 - [NBA] Latest page determined: 6510
2025-03-20 12:17:37,885 - [NBA] Latest page is 6510.
2025-03-20 12:17:37,885 - [NBA] Crawling latest page: 6510
2025-03-20 12:17:37,970 - Duplicate article, skipping: https://www.ptt.cc/bbs/NBA/M.1742437671.A.522.html
2025-03-20 12:17:38,025 - Duplicate article, skipping: https://www.ptt.cc/bbs/NBA/M.1742437767.A.527.html
2025-03-20 12:17:38,064 - Duplicate article, skipping: https://www.ptt.cc/bbs/NBA/M.1742438100.A.729.html
2025-03-20 12:17:38,120 - Duplicate article, skipping: https://www.ptt.cc/bbs/NBA/M.1742438245.A.4FC.html
2025-03-20 12:17:38,179 - Duplicate article, skipping: https://www.ptt.cc/bbs/NBA/M.1742438537.A.40D.html
2025-03-20 12:17:38,244 - Duplicate article, skipping: https://www.ptt.cc/bbs/NBA/M.1742440075.A.5F2.html
2025-03-20 12:17:38,296 - Duplicate article, skipping: https://www.ptt.cc/bbs/NBA/M.1742440636.A.189.html
2025-03-20 12:17:38,341 - Duplicate article, skipping: https://www.ptt.cc/bbs/NBA/M.1742442805.A.49A.html
2025-03-20 12:17:38,391 - Duplicate article, skipping: https://www.ptt.cc/bbs/NBA/M.1742442835.A.F44.html
2025-03-20 12:17:38,438 - Duplicate article, skipping: https://www.ptt.cc/bbs/NBA/M.1742443824.A.EBA.html
2025-03-20 12:17:38,537 - Duplicate article, skipping: https://www.ptt.cc/bbs/NBA/M.1728456762.A.CB2.html
2025-03-20 12:17:38,666 - Duplicate article, skipping: https://www.ptt.cc/bbs/NBA/M.1739793100.A.B43.html
2025-03-20 12:17:38,786 - Duplicate article, skipping: https://www.ptt.cc/bbs/NBA/M.1742360934.A.3D8.html
2025-03-20 12:17:38,787 - [NBA] Finished crawling page 6510.
2025-03-20 12:17:38,845 - [Stock] Latest page determined: 8489
2025-03-20 12:17:38,845 - [Stock] Latest page is 8489.
2025-03-20 12:17:38,845 - [Stock] Crawling latest page: 8489
2025-03-20 12:17:38,930 - Duplicate article, skipping: https://www.ptt.cc/bbs/Stock/M.1742433539.A.29C.html
2025-03-20 12:17:38,997 - Duplicate article, skipping: https://www.ptt.cc/bbs/Stock/M.1742434536.A.EA6.html
2025-03-20 12:17:39,055 - Duplicate article, skipping: https://www.ptt.cc/bbs/Stock/M.1742435160.A.589.html
2025-03-20 12:17:39,106 - Duplicate article, skipping: https://www.ptt.cc/bbs/Stock/M.1742435212.A.CC7.html
2025-03-20 12:17:39,191 - Duplicate article, skipping: https://www.ptt.cc/bbs/Stock/M.1742436360.A.1A3.html
2025-03-20 12:17:39,251 - Duplicate article, skipping: https://www.ptt.cc/bbs/Stock/M.1742437220.A.B6D.html
2025-03-20 12:17:39,295 - Duplicate article, skipping: https://www.ptt.cc/bbs/Stock/M.1742437910.A.E0C.html
2025-03-20 12:17:39,349 - Duplicate article, skipping: https://www.ptt.cc/bbs/Stock/M.1742438406.A.43C.html
2025-03-20 12:17:39,423 - Duplicate article, skipping: https://www.ptt.cc/bbs/Stock/M.1742438557.A.337.html
2025-03-20 12:17:39,468 - Duplicate article, skipping: https://www.ptt.cc/bbs/Stock/M.1742439747.A.990.html
2025-03-20 12:17:39,510 - Duplicate article, skipping: https://www.ptt.cc/bbs/Stock/M.1742439973.A.751.html
2025-03-20 12:17:39,577 - Duplicate article, skipping: https://www.ptt.cc/bbs/Stock/M.1742441637.A.0D7.html
2025-03-20 12:17:39,652 - Duplicate article, skipping: https://www.ptt.cc/bbs/Stock/M.1742442628.A.7FB.html
2025-03-20 12:17:39,714 - Duplicate article, skipping: https://www.ptt.cc/bbs/Stock/M.1742443654.A.ED8.html
2025-03-20 12:17:39,755 - Duplicate article, skipping: https://www.ptt.cc/bbs/Stock/M.1742443835.A.7AB.html
2025-03-20 12:17:39,947 - Duplicate article, skipping: https://www.ptt.cc/bbs/Stock/M.1719872231.A.9BA.html
2025-03-20 12:17:40,076 - Duplicate article, skipping: https://www.ptt.cc/bbs/Stock/M.1730738309.A.238.html
2025-03-20 12:17:40,135 - Duplicate article, skipping: https://www.ptt.cc/bbs/Stock/M.1739730011.A.267.html
2025-03-20 12:17:40,191 - Duplicate article, skipping: https://www.ptt.cc/bbs/Stock/M.1741674341.A.D28.html
2025-03-20 12:17:40,429 - Duplicate article, skipping: https://www.ptt.cc/bbs/Stock/M.1742430602.A.F16.html
2025-03-20 12:17:40,430 - [Stock] Finished crawling page 8489.
2025-03-20 12:17:40,476 - [Gossiping] Latest page determined: 39187
2025-03-20 12:17:40,476 - [Gossiping] Latest page is 39187.
2025-03-20 12:17:40,476 - [Gossiping] Crawling latest page: 39187
2025-03-20 12:17:40,582 - Duplicate article, skipping: https://www.ptt.cc/bbs/Gossiping/M.1742443753.A.AF4.html
2025-03-20 12:17:40,643 - Duplicate article, skipping: https://www.ptt.cc/bbs/Gossiping/M.1742443758.A.0A1.html
2025-03-20 12:17:40,704 - Duplicate article, skipping: https://www.ptt.cc/bbs/Gossiping/M.1742443810.A.4E5.html
2025-03-20 12:17:40,783 - Duplicate article, skipping: https://www.ptt.cc/bbs/Gossiping/M.1742443856.A.9F1.html
2025-03-20 12:17:40,856 - Duplicate article, skipping: https://www.ptt.cc/bbs/Gossiping/M.1742443861.A.C62.html
2025-03-20 12:17:40,897 - Duplicate article, skipping: https://www.ptt.cc/bbs/Gossiping/M.1742443877.A.F35.html
2025-03-20 12:17:40,937 - Duplicate article, skipping: https://www.ptt.cc/bbs/Gossiping/M.1742443878.A.90E.html
2025-03-20 12:17:41,016 - Duplicate article, skipping: https://www.ptt.cc/bbs/Gossiping/M.1742443983.A.D0B.html
2025-03-20 12:17:41,077 - Duplicate article, skipping: https://www.ptt.cc/bbs/Gossiping/M.1742444116.A.F08.html
2025-03-20 12:17:41,140 - Duplicate article, skipping: https://www.ptt.cc/bbs/Gossiping/M.1742444121.A.614.html
2025-03-20 12:17:41,266 - Duplicate article, skipping: https://www.ptt.cc/bbs/Gossiping/M.1742444140.A.E10.html
2025-03-20 12:17:41,386 - Duplicate article, skipping: https://www.ptt.cc/bbs/Gossiping/M.1730554547.A.41C.html
2025-03-20 12:17:41,486 - Duplicate article, skipping: https://www.ptt.cc/bbs/Gossiping/M.1737398137.A.644.html
2025-03-20 12:17:41,607 - Duplicate article, skipping: https://www.ptt.cc/bbs/Gossiping/M.1740024219.A.1EB.html
2025-03-20 12:17:41,696 - Duplicate article, skipping: https://www.ptt.cc/bbs/Gossiping/M.1741748289.A.407.html
2025-03-20 12:17:41,816 - Duplicate article, skipping: https://www.ptt.cc/bbs/Gossiping/M.1741791500.A.EB6.html
2025-03-20 12:17:41,816 - [Gossiping] Finished crawling page 39187.
2025-03-20 12:17:41,817 - Sleeping for 2 minutes before next crawl...
2025-03-20 12:17:46,876 - Logging initialized (auto crawler)
2025-03-20 12:17:46,939 - [NBA] Latest page determined: 6510
2025-03-20 12:17:46,940 - [NBA] Latest page is 6510.
2025-03-20 12:17:46,940 - [NBA] Crawling latest page: 6510
2025-03-20 12:17:47,035 - Duplicate article, skipping: https://www.ptt.cc/bbs/NBA/M.1742437671.A.522.html
2025-03-20 12:17:47,091 - Duplicate article, skipping: https://www.ptt.cc/bbs/NBA/M.1742437767.A.527.html
2025-03-20 12:17:47,133 - Duplicate article, skipping: https://www.ptt.cc/bbs/NBA/M.1742438100.A.729.html
2025-03-20 12:17:47,174 - Duplicate article, skipping: https://www.ptt.cc/bbs/NBA/M.1742438245.A.4FC.html
2025-03-20 12:17:47,221 - Duplicate article, skipping: https://www.ptt.cc/bbs/NBA/M.1742438537.A.40D.html
2025-03-20 12:17:47,264 - Duplicate article, skipping: https://www.ptt.cc/bbs/NBA/M.1742440075.A.5F2.html
2025-03-20 12:17:47,536 - Duplicate article, skipping: https://www.ptt.cc/bbs/NBA/M.1742440636.A.189.html
2025-03-20 12:17:47,577 - Duplicate article, skipping: https://www.ptt.cc/bbs/NBA/M.1742442805.A.49A.html
2025-03-20 12:17:47,617 - Duplicate article, skipping: https://www.ptt.cc/bbs/NBA/M.1742442835.A.F44.html
2025-03-20 12:17:47,661 - Duplicate article, skipping: https://www.ptt.cc/bbs/NBA/M.1742443824.A.EBA.html
2025-03-20 12:17:47,766 - Duplicate article, skipping: https://www.ptt.cc/bbs/NBA/M.1728456762.A.CB2.html
2025-03-20 12:17:47,895 - Duplicate article, skipping: https://www.ptt.cc/bbs/NBA/M.1739793100.A.B43.html
2025-03-20 12:17:48,005 - Duplicate article, skipping: https://www.ptt.cc/bbs/NBA/M.1742360934.A.3D8.html
2025-03-20 12:17:48,006 - [NBA] Finished crawling page 6510.
2025-03-20 12:17:48,052 - [Stock] Latest page determined: 8489
2025-03-20 12:17:48,052 - [Stock] Latest page is 8489.
2025-03-20 12:17:48,052 - [Stock] Crawling latest page: 8489
2025-03-20 12:17:48,161 - Duplicate article, skipping: https://www.ptt.cc/bbs/Stock/M.1742433539.A.29C.html
2025-03-20 12:17:48,226 - Duplicate article, skipping: https://www.ptt.cc/bbs/Stock/M.1742434536.A.EA6.html
2025-03-20 12:17:48,273 - Duplicate article, skipping: https://www.ptt.cc/bbs/Stock/M.1742435160.A.589.html
2025-03-20 12:17:48,349 - Duplicate article, skipping: https://www.ptt.cc/bbs/Stock/M.1742435212.A.CC7.html
2025-03-20 12:17:48,406 - Duplicate article, skipping: https://www.ptt.cc/bbs/Stock/M.1742436360.A.1A3.html
2025-03-20 12:17:48,445 - Duplicate article, skipping: https://www.ptt.cc/bbs/Stock/M.1742437220.A.B6D.html
2025-03-20 12:17:48,485 - Duplicate article, skipping: https://www.ptt.cc/bbs/Stock/M.1742437910.A.E0C.html
2025-03-20 12:17:48,536 - Duplicate article, skipping: https://www.ptt.cc/bbs/Stock/M.1742438406.A.43C.html
2025-03-20 12:17:48,574 - Duplicate article, skipping: https://www.ptt.cc/bbs/Stock/M.1742438557.A.337.html
2025-03-20 12:17:48,618 - Duplicate article, skipping: https://www.ptt.cc/bbs/Stock/M.1742439747.A.990.html
2025-03-20 12:17:48,659 - Duplicate article, skipping: https://www.ptt.cc/bbs/Stock/M.1742439973.A.751.html
2025-03-20 12:17:48,709 - Duplicate article, skipping: https://www.ptt.cc/bbs/Stock/M.1742441637.A.0D7.html
2025-03-20 12:17:48,766 - Duplicate article, skipping: https://www.ptt.cc/bbs/Stock/M.1742442628.A.7FB.html
2025-03-20 12:17:48,807 - Duplicate article, skipping: https://www.ptt.cc/bbs/Stock/M.1742443654.A.ED8.html
2025-03-20 12:17:48,847 - Duplicate article, skipping: https://www.ptt.cc/bbs/Stock/M.1742443835.A.7AB.html
2025-03-20 12:17:48,890 - Duplicate article, skipping: https://www.ptt.cc/bbs/Stock/M.1742444029.A.8D8.html
2025-03-20 12:17:49,026 - Duplicate article, skipping: https://www.ptt.cc/bbs/Stock/M.1719872231.A.9BA.html
2025-03-20 12:17:49,146 - Duplicate article, skipping: https://www.ptt.cc/bbs/Stock/M.1730738309.A.238.html
2025-03-20 12:17:49,194 - Duplicate article, skipping: https://www.ptt.cc/bbs/Stock/M.1739730011.A.267.html
2025-03-20 12:17:49,253 - Duplicate article, skipping: https://www.ptt.cc/bbs/Stock/M.1741674341.A.D28.html
2025-03-20 12:17:49,507 - Duplicate article, skipping: https://www.ptt.cc/bbs/Stock/M.1742430602.A.F16.html
2025-03-20 12:17:49,508 - [Stock] Finished crawling page 8489.
2025-03-20 12:17:49,566 - [Gossiping] Latest page determined: 39187
2025-03-20 12:17:49,566 - [Gossiping] Latest page is 39187.
2025-03-20 12:17:49,566 - [Gossiping] Crawling latest page: 39187
2025-03-20 12:17:49,691 - Duplicate article, skipping: https://www.ptt.cc/bbs/Gossiping/M.1742443753.A.AF4.html
2025-03-20 12:17:49,733 - Duplicate article, skipping: https://www.ptt.cc/bbs/Gossiping/M.1742443758.A.0A1.html
2025-03-20 12:17:49,773 - Duplicate article, skipping: https://www.ptt.cc/bbs/Gossiping/M.1742443810.A.4E5.html
2025-03-20 12:17:49,831 - Duplicate article, skipping: https://www.ptt.cc/bbs/Gossiping/M.1742443856.A.9F1.html
2025-03-20 12:17:49,939 - Duplicate article, skipping: https://www.ptt.cc/bbs/Gossiping/M.1742443861.A.C62.html
2025-03-20 12:17:49,980 - Duplicate article, skipping: https://www.ptt.cc/bbs/Gossiping/M.1742443877.A.F35.html
2025-03-20 12:17:50,023 - Duplicate article, skipping: https://www.ptt.cc/bbs/Gossiping/M.1742443878.A.90E.html
2025-03-20 12:17:50,072 - Duplicate article, skipping: https://www.ptt.cc/bbs/Gossiping/M.1742443983.A.D0B.html
2025-03-20 12:17:50,112 - Duplicate article, skipping: https://www.ptt.cc/bbs/Gossiping/M.1742444116.A.F08.html
2025-03-20 12:17:50,151 - Duplicate article, skipping: https://www.ptt.cc/bbs/Gossiping/M.1742444121.A.614.html
2025-03-20 12:17:50,306 - Duplicate article, skipping: https://www.ptt.cc/bbs/Gossiping/M.1742444140.A.E10.html
2025-03-20 12:17:50,426 - Duplicate article, skipping: https://www.ptt.cc/bbs/Gossiping/M.1730554547.A.41C.html
2025-03-20 12:17:50,546 - Duplicate article, skipping: https://www.ptt.cc/bbs/Gossiping/M.1737398137.A.644.html
2025-03-20 12:17:50,725 - Duplicate article, skipping: https://www.ptt.cc/bbs/Gossiping/M.1740024219.A.1EB.html
2025-03-20 12:17:50,789 - Duplicate article, skipping: https://www.ptt.cc/bbs/Gossiping/M.1741748289.A.407.html
2025-03-20 12:17:50,926 - Duplicate article, skipping: https://www.ptt.cc/bbs/Gossiping/M.1741791500.A.EB6.html
2025-03-20 12:17:50,927 - [Gossiping] Finished crawling page 39187.
2025-03-20 12:17:50,927 - Sleeping for 2 minutes before next crawl...
2025-03-20 12:19:50,979 - [NBA] Latest page determined: 6510
2025-03-20 12:19:50,979 - [NBA] Latest page is 6510.
2025-03-20 12:19:50,979 - [NBA] Crawling latest page: 6510
2025-03-20 12:19:51,084 - Duplicate article, skipping: https://www.ptt.cc/bbs/NBA/M.1742437671.A.522.html
2025-03-20 12:19:51,157 - Duplicate article, skipping: https://www.ptt.cc/bbs/NBA/M.1742437767.A.527.html
2025-03-20 12:19:51,199 - Duplicate article, skipping: https://www.ptt.cc/bbs/NBA/M.1742438100.A.729.html
2025-03-20 12:19:51,247 - Duplicate article, skipping: https://www.ptt.cc/bbs/NBA/M.1742438245.A.4FC.html
2025-03-20 12:19:51,286 - Duplicate article, skipping: https://www.ptt.cc/bbs/NBA/M.1742438537.A.40D.html
2025-03-20 12:19:51,347 - Duplicate article, skipping: https://www.ptt.cc/bbs/NBA/M.1742440075.A.5F2.html
2025-03-20 12:19:51,404 - Duplicate article, skipping: https://www.ptt.cc/bbs/NBA/M.1742440636.A.189.html
2025-03-20 12:19:51,467 - Duplicate article, skipping: https://www.ptt.cc/bbs/NBA/M.1742442805.A.49A.html
2025-03-20 12:19:51,533 - Duplicate article, skipping: https://www.ptt.cc/bbs/NBA/M.1742442835.A.F44.html
2025-03-20 12:19:51,576 - Duplicate article, skipping: https://www.ptt.cc/bbs/NBA/M.1742443824.A.EBA.html
2025-03-20 12:19:51,693 - Duplicate article, skipping: https://www.ptt.cc/bbs/NBA/M.1728456762.A.CB2.html
2025-03-20 12:19:51,822 - Duplicate article, skipping: https://www.ptt.cc/bbs/NBA/M.1739793100.A.B43.html
2025-03-20 12:19:51,932 - Duplicate article, skipping: https://www.ptt.cc/bbs/NBA/M.1742360934.A.3D8.html
2025-03-20 12:19:51,933 - [NBA] Finished crawling page 6510.
2025-03-20 12:19:51,978 - [Stock] Latest page determined: 8489
2025-03-20 12:19:51,978 - [Stock] Latest page is 8489.
2025-03-20 12:19:51,978 - [Stock] Crawling latest page: 8489
2025-03-20 12:19:52,082 - Duplicate article, skipping: https://www.ptt.cc/bbs/Stock/M.1742433539.A.29C.html
2025-03-20 12:19:52,140 - Duplicate article, skipping: https://www.ptt.cc/bbs/Stock/M.1742434536.A.EA6.html
2025-03-20 12:19:52,191 - Duplicate article, skipping: https://www.ptt.cc/bbs/Stock/M.1742435160.A.589.html
2025-03-20 12:19:52,242 - Duplicate article, skipping: https://www.ptt.cc/bbs/Stock/M.1742435212.A.CC7.html
2025-03-20 12:19:52,295 - Duplicate article, skipping: https://www.ptt.cc/bbs/Stock/M.1742436360.A.1A3.html
2025-03-20 12:19:52,338 - Duplicate article, skipping: https://www.ptt.cc/bbs/Stock/M.1742437220.A.B6D.html
2025-03-20 12:19:52,394 - Duplicate article, skipping: https://www.ptt.cc/bbs/Stock/M.1742437910.A.E0C.html
2025-03-20 12:19:52,446 - Duplicate article, skipping: https://www.ptt.cc/bbs/Stock/M.1742438406.A.43C.html
2025-03-20 12:19:52,484 - Duplicate article, skipping: https://www.ptt.cc/bbs/Stock/M.1742438557.A.337.html
2025-03-20 12:19:52,526 - Duplicate article, skipping: https://www.ptt.cc/bbs/Stock/M.1742439747.A.990.html
2025-03-20 12:19:52,584 - Duplicate article, skipping: https://www.ptt.cc/bbs/Stock/M.1742439973.A.751.html
2025-03-20 12:19:52,628 - Duplicate article, skipping: https://www.ptt.cc/bbs/Stock/M.1742441637.A.0D7.html
2025-03-20 12:19:52,669 - Duplicate article, skipping: https://www.ptt.cc/bbs/Stock/M.1742442628.A.7FB.html
2025-03-20 12:19:52,722 - Duplicate article, skipping: https://www.ptt.cc/bbs/Stock/M.1742443654.A.ED8.html
2025-03-20 12:19:52,760 - Duplicate article, skipping: https://www.ptt.cc/bbs/Stock/M.1742443835.A.7AB.html
2025-03-20 12:19:52,804 - Duplicate article, skipping: https://www.ptt.cc/bbs/Stock/M.1742444029.A.8D8.html
2025-03-20 12:19:52,903 - Duplicate article, skipping: https://www.ptt.cc/bbs/Stock/M.1719872231.A.9BA.html
2025-03-20 12:19:53,022 - Duplicate article, skipping: https://www.ptt.cc/bbs/Stock/M.1730738309.A.238.html
2025-03-20 12:19:53,069 - Duplicate article, skipping: https://www.ptt.cc/bbs/Stock/M.1739730011.A.267.html
2025-03-20 12:19:53,123 - Duplicate article, skipping: https://www.ptt.cc/bbs/Stock/M.1741674341.A.D28.html
2025-03-20 12:19:53,355 - Duplicate article, skipping: https://www.ptt.cc/bbs/Stock/M.1742430602.A.F16.html
2025-03-20 12:19:53,356 - [Stock] Finished crawling page 8489.
2025-03-20 12:19:53,405 - [Gossiping] Latest page determined: 39187
2025-03-20 12:19:53,405 - [Gossiping] Latest page is 39187.
2025-03-20 12:19:53,405 - [Gossiping] Crawling latest page: 39187
2025-03-20 12:19:53,499 - Duplicate article, skipping: https://www.ptt.cc/bbs/Gossiping/M.1742443753.A.AF4.html
2025-03-20 12:19:53,546 - Duplicate article, skipping: https://www.ptt.cc/bbs/Gossiping/M.1742443758.A.0A1.html
2025-03-20 12:19:53,584 - Duplicate article, skipping: https://www.ptt.cc/bbs/Gossiping/M.1742443810.A.4E5.html
2025-03-20 12:19:53,651 - Duplicate article, skipping: https://www.ptt.cc/bbs/Gossiping/M.1742443856.A.9F1.html
2025-03-20 12:19:53,691 - Duplicate article, skipping: https://www.ptt.cc/bbs/Gossiping/M.1742443861.A.C62.html
2025-03-20 12:19:53,730 - Duplicate article, skipping: https://www.ptt.cc/bbs/Gossiping/M.1742443877.A.F35.html
2025-03-20 12:19:53,776 - Duplicate article, skipping: https://www.ptt.cc/bbs/Gossiping/M.1742443878.A.90E.html
2025-03-20 12:19:53,837 - Duplicate article, skipping: https://www.ptt.cc/bbs/Gossiping/M.1742443983.A.D0B.html
2025-03-20 12:19:53,881 - Duplicate article, skipping: https://www.ptt.cc/bbs/Gossiping/M.1742444116.A.F08.html
2025-03-20 12:19:53,922 - Duplicate article, skipping: https://www.ptt.cc/bbs/Gossiping/M.1742444121.A.614.html
2025-03-20 12:19:54,052 - Duplicate article, skipping: https://www.ptt.cc/bbs/Gossiping/M.1742444140.A.E10.html
2025-03-20 12:19:54,172 - Duplicate article, skipping: https://www.ptt.cc/bbs/Gossiping/M.1730554547.A.41C.html
2025-03-20 12:19:54,273 - Duplicate article, skipping: https://www.ptt.cc/bbs/Gossiping/M.1737398137.A.644.html
2025-03-20 12:19:54,393 - Duplicate article, skipping: https://www.ptt.cc/bbs/Gossiping/M.1740024219.A.1EB.html
2025-03-20 12:19:54,456 - Duplicate article, skipping: https://www.ptt.cc/bbs/Gossiping/M.1741748289.A.407.html
2025-03-20 12:19:54,582 - Duplicate article, skipping: https://www.ptt.cc/bbs/Gossiping/M.1741791500.A.EB6.html
2025-03-20 12:19:54,583 - [Gossiping] Finished crawling page 39187.
2025-03-20 12:19:54,583 - Sleeping for 2 minutes before next crawl...
2025-03-20 12:20:12,649 - Logging initialized (auto crawler)
2025-03-20 12:20:12,731 - [NBA] Latest page determined: 6510
2025-03-20 12:20:12,731 - [NBA] Latest page is 6510.
2025-03-20 12:20:12,732 - [NBA] Crawling latest page: 6510
2025-03-20 12:20:12,846 - Duplicate article, skipping: https://www.ptt.cc/bbs/NBA/M.1742437671.A.522.html
2025-03-20 12:20:12,898 - Duplicate article, skipping: https://www.ptt.cc/bbs/NBA/M.1742437767.A.527.html
2025-03-20 12:20:12,939 - Duplicate article, skipping: https://www.ptt.cc/bbs/NBA/M.1742438100.A.729.html
2025-03-20 12:20:12,981 - Duplicate article, skipping: https://www.ptt.cc/bbs/NBA/M.1742438245.A.4FC.html
2025-03-20 12:20:13,021 - Duplicate article, skipping: https://www.ptt.cc/bbs/NBA/M.1742438537.A.40D.html
2025-03-20 12:20:13,108 - Duplicate article, skipping: https://www.ptt.cc/bbs/NBA/M.1742440075.A.5F2.html
2025-03-20 12:20:13,169 - Duplicate article, skipping: https://www.ptt.cc/bbs/NBA/M.1742440636.A.189.html
2025-03-20 12:20:13,219 - Duplicate article, skipping: https://www.ptt.cc/bbs/NBA/M.1742442805.A.49A.html
2025-03-20 12:20:13,272 - Duplicate article, skipping: https://www.ptt.cc/bbs/NBA/M.1742442835.A.F44.html
2025-03-20 12:20:13,334 - Duplicate article, skipping: https://www.ptt.cc/bbs/NBA/M.1742443824.A.EBA.html
2025-03-20 12:20:13,442 - Duplicate article, skipping: https://www.ptt.cc/bbs/NBA/M.1728456762.A.CB2.html
2025-03-20 12:20:13,571 - Duplicate article, skipping: https://www.ptt.cc/bbs/NBA/M.1739793100.A.B43.html
2025-03-20 12:20:13,671 - Duplicate article, skipping: https://www.ptt.cc/bbs/NBA/M.1742360934.A.3D8.html
2025-03-20 12:20:13,672 - [NBA] Finished crawling page 6510.
2025-03-20 12:20:13,719 - [Stock] Latest page determined: 8489
2025-03-20 12:20:13,719 - [Stock] Latest page is 8489.
2025-03-20 12:20:13,719 - [Stock] Crawling latest page: 8489
2025-03-20 12:20:13,832 - Duplicate article, skipping: https://www.ptt.cc/bbs/Stock/M.1742433539.A.29C.html
2025-03-20 12:20:13,907 - Duplicate article, skipping: https://www.ptt.cc/bbs/Stock/M.1742434536.A.EA6.html
2025-03-20 12:20:13,976 - Duplicate article, skipping: https://www.ptt.cc/bbs/Stock/M.1742435160.A.589.html
2025-03-20 12:20:14,026 - Duplicate article, skipping: https://www.ptt.cc/bbs/Stock/M.1742435212.A.CC7.html
2025-03-20 12:20:14,080 - Duplicate article, skipping: https://www.ptt.cc/bbs/Stock/M.1742436360.A.1A3.html
2025-03-20 12:20:14,121 - Duplicate article, skipping: https://www.ptt.cc/bbs/Stock/M.1742437220.A.B6D.html
2025-03-20 12:20:14,185 - Duplicate article, skipping: https://www.ptt.cc/bbs/Stock/M.1742437910.A.E0C.html
2025-03-20 12:20:14,233 - Duplicate article, skipping: https://www.ptt.cc/bbs/Stock/M.1742438406.A.43C.html
2025-03-20 12:20:14,281 - Duplicate article, skipping: https://www.ptt.cc/bbs/Stock/M.1742438557.A.337.html
2025-03-20 12:20:14,323 - Duplicate article, skipping: https://www.ptt.cc/bbs/Stock/M.1742439747.A.990.html
2025-03-20 12:20:14,401 - Duplicate article, skipping: https://www.ptt.cc/bbs/Stock/M.1742439973.A.751.html
2025-03-20 12:20:14,442 - Duplicate article, skipping: https://www.ptt.cc/bbs/Stock/M.1742441637.A.0D7.html
2025-03-20 12:20:14,483 - Duplicate article, skipping: https://www.ptt.cc/bbs/Stock/M.1742442628.A.7FB.html
2025-03-20 12:20:14,540 - Duplicate article, skipping: https://www.ptt.cc/bbs/Stock/M.1742443654.A.ED8.html
2025-03-20 12:20:14,601 - Duplicate article, skipping: https://www.ptt.cc/bbs/Stock/M.1742443835.A.7AB.html
2025-03-20 12:20:14,641 - Duplicate article, skipping: https://www.ptt.cc/bbs/Stock/M.1742444029.A.8D8.html
2025-03-20 12:20:14,741 - Duplicate article, skipping: https://www.ptt.cc/bbs/Stock/M.1719872231.A.9BA.html
2025-03-20 12:20:14,861 - Duplicate article, skipping: https://www.ptt.cc/bbs/Stock/M.1730738309.A.238.html
2025-03-20 12:20:14,908 - Duplicate article, skipping: https://www.ptt.cc/bbs/Stock/M.1739730011.A.267.html
2025-03-20 12:20:14,968 - Duplicate article, skipping: https://www.ptt.cc/bbs/Stock/M.1741674341.A.D28.html
2025-03-20 12:20:15,214 - Duplicate article, skipping: https://www.ptt.cc/bbs/Stock/M.1742430602.A.F16.html
2025-03-20 12:20:15,215 - [Stock] Finished crawling page 8489.
2025-03-20 12:20:15,265 - [Gossiping] Latest page determined: 39187
2025-03-20 12:20:15,265 - [Gossiping] Latest page is 39187.
2025-03-20 12:20:15,265 - [Gossiping] Crawling latest page: 39187
2025-03-20 12:20:15,350 - Duplicate article, skipping: https://www.ptt.cc/bbs/Gossiping/M.1742443753.A.AF4.html
2025-03-20 12:20:15,388 - Duplicate article, skipping: https://www.ptt.cc/bbs/Gossiping/M.1742443758.A.0A1.html
2025-03-20 12:20:15,428 - Duplicate article, skipping: https://www.ptt.cc/bbs/Gossiping/M.1742443810.A.4E5.html
2025-03-20 12:20:15,468 - Duplicate article, skipping: https://www.ptt.cc/bbs/Gossiping/M.1742443856.A.9F1.html
2025-03-20 12:20:15,524 - Duplicate article, skipping: https://www.ptt.cc/bbs/Gossiping/M.1742443861.A.C62.html
2025-03-20 12:20:15,562 - Duplicate article, skipping: https://www.ptt.cc/bbs/Gossiping/M.1742443877.A.F35.html
2025-03-20 12:20:15,600 - Duplicate article, skipping: https://www.ptt.cc/bbs/Gossiping/M.1742443878.A.90E.html
2025-03-20 12:20:15,641 - Duplicate article, skipping: https://www.ptt.cc/bbs/Gossiping/M.1742443983.A.D0B.html
2025-03-20 12:20:15,684 - Duplicate article, skipping: https://www.ptt.cc/bbs/Gossiping/M.1742444116.A.F08.html
2025-03-20 12:20:15,722 - Duplicate article, skipping: https://www.ptt.cc/bbs/Gossiping/M.1742444121.A.614.html
2025-03-20 12:20:15,901 - Duplicate article, skipping: https://www.ptt.cc/bbs/Gossiping/M.1742444140.A.E10.html
2025-03-20 12:20:16,022 - Duplicate article, skipping: https://www.ptt.cc/bbs/Gossiping/M.1730554547.A.41C.html
2025-03-20 12:20:16,122 - Duplicate article, skipping: https://www.ptt.cc/bbs/Gossiping/M.1737398137.A.644.html
2025-03-20 12:20:16,251 - Duplicate article, skipping: https://www.ptt.cc/bbs/Gossiping/M.1740024219.A.1EB.html
2025-03-20 12:20:16,337 - Duplicate article, skipping: https://www.ptt.cc/bbs/Gossiping/M.1741748289.A.407.html
2025-03-20 12:20:16,481 - Duplicate article, skipping: https://www.ptt.cc/bbs/Gossiping/M.1741791500.A.EB6.html
2025-03-20 12:20:16,482 - [Gossiping] Finished crawling page 39187.
2025-03-20 12:20:16,482 - Sleeping for 2 minutes before next crawl...
2025-03-20 12:20:39,965 - Logging initialized (auto crawler)
2025-03-20 12:20:40,030 - [NBA] Latest page determined: 6510
2025-03-20 12:20:40,030 - [NBA] Latest page is 6510.
2025-03-20 12:20:40,030 - [NBA] Crawling latest page: 6510
2025-03-20 12:20:40,126 - Duplicate article, skipping: https://www.ptt.cc/bbs/NBA/M.1742437671.A.522.html
2025-03-20 12:20:40,200 - Duplicate article, skipping: https://www.ptt.cc/bbs/NBA/M.1742437767.A.527.html
2025-03-20 12:20:40,275 - Duplicate article, skipping: https://www.ptt.cc/bbs/NBA/M.1742438100.A.729.html
2025-03-20 12:20:40,340 - Duplicate article, skipping: https://www.ptt.cc/bbs/NBA/M.1742438245.A.4FC.html
2025-03-20 12:20:40,399 - Duplicate article, skipping: https://www.ptt.cc/bbs/NBA/M.1742438537.A.40D.html
2025-03-20 12:20:40,464 - Duplicate article, skipping: https://www.ptt.cc/bbs/NBA/M.1742440075.A.5F2.html
2025-03-20 12:20:40,547 - Duplicate article, skipping: https://www.ptt.cc/bbs/NBA/M.1742440636.A.189.html
2025-03-20 12:20:40,598 - Duplicate article, skipping: https://www.ptt.cc/bbs/NBA/M.1742442805.A.49A.html
2025-03-20 12:20:40,651 - Duplicate article, skipping: https://www.ptt.cc/bbs/NBA/M.1742442835.A.F44.html
2025-03-20 12:20:40,694 - Duplicate article, skipping: https://www.ptt.cc/bbs/NBA/M.1742443824.A.EBA.html
2025-03-20 12:20:40,792 - Duplicate article, skipping: https://www.ptt.cc/bbs/NBA/M.1728456762.A.CB2.html
2025-03-20 12:20:40,991 - Duplicate article, skipping: https://www.ptt.cc/bbs/NBA/M.1739793100.A.B43.html
2025-03-20 12:20:41,101 - Duplicate article, skipping: https://www.ptt.cc/bbs/NBA/M.1742360934.A.3D8.html
2025-03-20 12:20:41,102 - [NBA] Finished crawling page 6510.
2025-03-20 12:20:41,150 - [Stock] Latest page determined: 8489
2025-03-20 12:20:41,150 - [Stock] Latest page is 8489.
2025-03-20 12:20:41,150 - [Stock] Crawling latest page: 8489
2025-03-20 12:20:41,241 - Duplicate article, skipping: https://www.ptt.cc/bbs/Stock/M.1742433539.A.29C.html
2025-03-20 12:20:41,285 - Duplicate article, skipping: https://www.ptt.cc/bbs/Stock/M.1742434536.A.EA6.html
2025-03-20 12:20:41,429 - Duplicate article, skipping: https://www.ptt.cc/bbs/Stock/M.1742435160.A.589.html
2025-03-20 12:20:41,491 - Duplicate article, skipping: https://www.ptt.cc/bbs/Stock/M.1742435212.A.CC7.html
2025-03-20 12:20:41,562 - Duplicate article, skipping: https://www.ptt.cc/bbs/Stock/M.1742436360.A.1A3.html
2025-03-20 12:20:41,624 - Duplicate article, skipping: https://www.ptt.cc/bbs/Stock/M.1742437220.A.B6D.html
2025-03-20 12:20:41,685 - Duplicate article, skipping: https://www.ptt.cc/bbs/Stock/M.1742437910.A.E0C.html
2025-03-20 12:20:41,747 - Duplicate article, skipping: https://www.ptt.cc/bbs/Stock/M.1742438406.A.43C.html
2025-03-20 12:20:41,792 - Duplicate article, skipping: https://www.ptt.cc/bbs/Stock/M.1742438557.A.337.html
2025-03-20 12:20:41,848 - Duplicate article, skipping: https://www.ptt.cc/bbs/Stock/M.1742439747.A.990.html
2025-03-20 12:20:41,902 - Duplicate article, skipping: https://www.ptt.cc/bbs/Stock/M.1742439973.A.751.html
2025-03-20 12:20:41,962 - Duplicate article, skipping: https://www.ptt.cc/bbs/Stock/M.1742441637.A.0D7.html
2025-03-20 12:20:42,023 - Duplicate article, skipping: https://www.ptt.cc/bbs/Stock/M.1742442628.A.7FB.html
2025-03-20 12:20:42,068 - Duplicate article, skipping: https://www.ptt.cc/bbs/Stock/M.1742443654.A.ED8.html
2025-03-20 12:20:42,109 - Duplicate article, skipping: https://www.ptt.cc/bbs/Stock/M.1742443835.A.7AB.html
2025-03-20 12:20:42,160 - Duplicate article, skipping: https://www.ptt.cc/bbs/Stock/M.1742444029.A.8D8.html
2025-03-20 12:20:42,281 - Duplicate article, skipping: https://www.ptt.cc/bbs/Stock/M.1719872231.A.9BA.html
2025-03-20 12:20:42,401 - Duplicate article, skipping: https://www.ptt.cc/bbs/Stock/M.1730738309.A.238.html
2025-03-20 12:20:42,454 - Duplicate article, skipping: https://www.ptt.cc/bbs/Stock/M.1739730011.A.267.html
2025-03-20 12:20:42,511 - Duplicate article, skipping: https://www.ptt.cc/bbs/Stock/M.1741674341.A.D28.html
2025-03-20 12:20:42,770 - Duplicate article, skipping: https://www.ptt.cc/bbs/Stock/M.1742430602.A.F16.html
2025-03-20 12:20:42,771 - [Stock] Finished crawling page 8489.
2025-03-20 12:20:42,847 - [Gossiping] Latest page determined: 39187
2025-03-20 12:20:42,847 - [Gossiping] Latest page is 39187.
2025-03-20 12:20:42,847 - [Gossiping] Crawling latest page: 39187
2025-03-20 12:20:42,925 - Duplicate article, skipping: https://www.ptt.cc/bbs/Gossiping/M.1742443753.A.AF4.html
2025-03-20 12:20:42,980 - Duplicate article, skipping: https://www.ptt.cc/bbs/Gossiping/M.1742443758.A.0A1.html
2025-03-20 12:20:43,046 - Duplicate article, skipping: https://www.ptt.cc/bbs/Gossiping/M.1742443810.A.4E5.html
2025-03-20 12:20:43,112 - Duplicate article, skipping: https://www.ptt.cc/bbs/Gossiping/M.1742443856.A.9F1.html
2025-03-20 12:20:43,170 - Duplicate article, skipping: https://www.ptt.cc/bbs/Gossiping/M.1742443861.A.C62.html
2025-03-20 12:20:43,233 - Duplicate article, skipping: https://www.ptt.cc/bbs/Gossiping/M.1742443877.A.F35.html
2025-03-20 12:20:43,274 - Duplicate article, skipping: https://www.ptt.cc/bbs/Gossiping/M.1742443878.A.90E.html
2025-03-20 12:20:43,313 - Duplicate article, skipping: https://www.ptt.cc/bbs/Gossiping/M.1742443983.A.D0B.html
2025-03-20 12:20:43,362 - Duplicate article, skipping: https://www.ptt.cc/bbs/Gossiping/M.1742444116.A.F08.html
2025-03-20 12:20:43,411 - Duplicate article, skipping: https://www.ptt.cc/bbs/Gossiping/M.1742444121.A.614.html
2025-03-20 12:20:43,541 - Duplicate article, skipping: https://www.ptt.cc/bbs/Gossiping/M.1742444140.A.E10.html
2025-03-20 12:20:43,662 - Duplicate article, skipping: https://www.ptt.cc/bbs/Gossiping/M.1730554547.A.41C.html
2025-03-20 12:20:43,762 - Duplicate article, skipping: https://www.ptt.cc/bbs/Gossiping/M.1737398137.A.644.html
2025-03-20 12:20:43,911 - Duplicate article, skipping: https://www.ptt.cc/bbs/Gossiping/M.1740024219.A.1EB.html
2025-03-20 12:20:43,977 - Duplicate article, skipping: https://www.ptt.cc/bbs/Gossiping/M.1741748289.A.407.html
2025-03-20 12:20:44,100 - Duplicate article, skipping: https://www.ptt.cc/bbs/Gossiping/M.1741791500.A.EB6.html
2025-03-20 12:20:44,102 - [Gossiping] Finished crawling page 39187.
2025-03-20 12:20:44,103 - Sleeping for 2 minutes before next crawl...
2025-03-20 12:21:10,695 - Logging initialized (auto crawler)
2025-03-20 12:21:10,764 - [NBA] Latest page determined: 6510
2025-03-20 12:21:10,765 - [NBA] Latest page is 6510.
2025-03-20 12:21:10,765 - [NBA] Crawling latest page: 6510
2025-03-20 12:21:10,871 - Duplicate article, skipping: https://www.ptt.cc/bbs/NBA/M.1742437671.A.522.html
2025-03-20 12:21:10,929 - Duplicate article, skipping: https://www.ptt.cc/bbs/NBA/M.1742437767.A.527.html
2025-03-20 12:21:10,977 - Duplicate article, skipping: https://www.ptt.cc/bbs/NBA/M.1742438100.A.729.html
2025-03-20 12:21:11,024 - Duplicate article, skipping: https://www.ptt.cc/bbs/NBA/M.1742438245.A.4FC.html
2025-03-20 12:21:11,086 - Duplicate article, skipping: https://www.ptt.cc/bbs/NBA/M.1742438537.A.40D.html
2025-03-20 12:21:11,132 - Duplicate article, skipping: https://www.ptt.cc/bbs/NBA/M.1742440075.A.5F2.html
2025-03-20 12:21:11,200 - Duplicate article, skipping: https://www.ptt.cc/bbs/NBA/M.1742440636.A.189.html
2025-03-20 12:21:11,246 - Duplicate article, skipping: https://www.ptt.cc/bbs/NBA/M.1742442805.A.49A.html
2025-03-20 12:21:11,344 - Duplicate article, skipping: https://www.ptt.cc/bbs/NBA/M.1742442835.A.F44.html
2025-03-20 12:21:11,411 - Duplicate article, skipping: https://www.ptt.cc/bbs/NBA/M.1742443824.A.EBA.html
2025-03-20 12:21:11,521 - Duplicate article, skipping: https://www.ptt.cc/bbs/NBA/M.1728456762.A.CB2.html
2025-03-20 12:21:11,660 - Duplicate article, skipping: https://www.ptt.cc/bbs/NBA/M.1739793100.A.B43.html
2025-03-20 12:21:11,760 - Duplicate article, skipping: https://www.ptt.cc/bbs/NBA/M.1742360934.A.3D8.html
2025-03-20 12:21:11,761 - [NBA] Finished crawling page 6510.
2025-03-20 12:21:11,807 - [Stock] Latest page determined: 8489
2025-03-20 12:21:11,807 - [Stock] Latest page is 8489.
2025-03-20 12:21:11,807 - [Stock] Crawling latest page: 8489
2025-03-20 12:21:11,907 - Duplicate article, skipping: https://www.ptt.cc/bbs/Stock/M.1742433539.A.29C.html
2025-03-20 12:21:11,953 - Duplicate article, skipping: https://www.ptt.cc/bbs/Stock/M.1742434536.A.EA6.html
2025-03-20 12:21:12,005 - Duplicate article, skipping: https://www.ptt.cc/bbs/Stock/M.1742435160.A.589.html
2025-03-20 12:21:12,056 - Duplicate article, skipping: https://www.ptt.cc/bbs/Stock/M.1742435212.A.CC7.html
2025-03-20 12:21:12,108 - Duplicate article, skipping: https://www.ptt.cc/bbs/Stock/M.1742436360.A.1A3.html
2025-03-20 12:21:12,160 - Duplicate article, skipping: https://www.ptt.cc/bbs/Stock/M.1742437220.A.B6D.html
2025-03-20 12:21:12,205 - Duplicate article, skipping: https://www.ptt.cc/bbs/Stock/M.1742437910.A.E0C.html
2025-03-20 12:21:12,246 - Duplicate article, skipping: https://www.ptt.cc/bbs/Stock/M.1742438406.A.43C.html
2025-03-20 12:21:12,288 - Duplicate article, skipping: https://www.ptt.cc/bbs/Stock/M.1742438557.A.337.html
2025-03-20 12:21:12,333 - Duplicate article, skipping: https://www.ptt.cc/bbs/Stock/M.1742439747.A.990.html
2025-03-20 12:21:12,387 - Duplicate article, skipping: https://www.ptt.cc/bbs/Stock/M.1742439973.A.751.html
2025-03-20 12:21:12,446 - Duplicate article, skipping: https://www.ptt.cc/bbs/Stock/M.1742441637.A.0D7.html
2025-03-20 12:21:12,510 - Duplicate article, skipping: https://www.ptt.cc/bbs/Stock/M.1742442628.A.7FB.html
2025-03-20 12:21:12,570 - Duplicate article, skipping: https://www.ptt.cc/bbs/Stock/M.1742443654.A.ED8.html
2025-03-20 12:21:12,705 - Duplicate article, skipping: https://www.ptt.cc/bbs/Stock/M.1742443835.A.7AB.html
2025-03-20 12:21:12,748 - Duplicate article, skipping: https://www.ptt.cc/bbs/Stock/M.1742444029.A.8D8.html
2025-03-20 12:21:12,860 - Duplicate article, skipping: https://www.ptt.cc/bbs/Stock/M.1719872231.A.9BA.html
2025-03-20 12:21:12,980 - Duplicate article, skipping: https://www.ptt.cc/bbs/Stock/M.1730738309.A.238.html
2025-03-20 12:21:13,030 - Duplicate article, skipping: https://www.ptt.cc/bbs/Stock/M.1739730011.A.267.html
2025-03-20 12:21:13,084 - Duplicate article, skipping: https://www.ptt.cc/bbs/Stock/M.1741674341.A.D28.html
2025-03-20 12:21:13,333 - Duplicate article, skipping: https://www.ptt.cc/bbs/Stock/M.1742430602.A.F16.html
2025-03-20 12:21:13,335 - [Stock] Finished crawling page 8489.
2025-03-20 12:21:13,378 - [Gossiping] Latest page determined: 39188
2025-03-20 12:21:13,378 - [Gossiping] Latest page is 39188.
2025-03-20 12:21:13,378 - [Gossiping] Crawling latest page: 39188
2025-03-20 12:21:13,611 - Duplicate article, skipping: https://www.ptt.cc/bbs/Gossiping/M.1730554547.A.41C.html
2025-03-20 12:21:13,720 - Duplicate article, skipping: https://www.ptt.cc/bbs/Gossiping/M.1737398137.A.644.html
2025-03-20 12:21:13,840 - Duplicate article, skipping: https://www.ptt.cc/bbs/Gossiping/M.1740024219.A.1EB.html
2025-03-20 12:21:13,915 - Duplicate article, skipping: https://www.ptt.cc/bbs/Gossiping/M.1741748289.A.407.html
2025-03-20 12:21:14,040 - Duplicate article, skipping: https://www.ptt.cc/bbs/Gossiping/M.1741791500.A.EB6.html
2025-03-20 12:21:14,041 - [Gossiping] Finished crawling page 39188.
2025-03-20 12:21:14,041 - Sleeping for 2 minutes before next crawl...
2025-03-20 12:25:15,612 - Logging initialized (auto crawler)
2025-03-20 12:25:15,707 - [NBA] Latest page determined: 6510
2025-03-20 12:25:15,707 - [NBA] Latest page is 6510.
2025-03-20 12:25:15,707 - [NBA] Crawling latest page: 6510
2025-03-20 12:25:15,819 - Duplicate article, skipping: https://www.ptt.cc/bbs/NBA/M.1742437671.A.522.html
2025-03-20 12:25:15,894 - Duplicate article, skipping: https://www.ptt.cc/bbs/NBA/M.1742437767.A.527.html
2025-03-20 12:25:15,941 - Duplicate article, skipping: https://www.ptt.cc/bbs/NBA/M.1742438100.A.729.html
2025-03-20 12:25:15,981 - Duplicate article, skipping: https://www.ptt.cc/bbs/NBA/M.1742438245.A.4FC.html
2025-03-20 12:25:16,022 - Duplicate article, skipping: https://www.ptt.cc/bbs/NBA/M.1742438537.A.40D.html
2025-03-20 12:25:16,064 - Duplicate article, skipping: https://www.ptt.cc/bbs/NBA/M.1742440075.A.5F2.html
2025-03-20 12:25:16,119 - Duplicate article, skipping: https://www.ptt.cc/bbs/NBA/M.1742440636.A.189.html
2025-03-20 12:25:16,164 - Duplicate article, skipping: https://www.ptt.cc/bbs/NBA/M.1742442805.A.49A.html
2025-03-20 12:25:16,203 - Duplicate article, skipping: https://www.ptt.cc/bbs/NBA/M.1742442835.A.F44.html
2025-03-20 12:25:16,262 - Duplicate article, skipping: https://www.ptt.cc/bbs/NBA/M.1742443824.A.EBA.html
2025-03-20 12:25:16,422 - Duplicate article, skipping: https://www.ptt.cc/bbs/NBA/M.1728456762.A.CB2.html
2025-03-20 12:25:16,562 - Duplicate article, skipping: https://www.ptt.cc/bbs/NBA/M.1739793100.A.B43.html
2025-03-20 12:25:16,671 - Duplicate article, skipping: https://www.ptt.cc/bbs/NBA/M.1742360934.A.3D8.html
2025-03-20 12:25:16,673 - [NBA] Finished crawling page 6510.
2025-03-20 12:25:16,717 - [Stock] Latest page determined: 8489
2025-03-20 12:25:16,717 - [Stock] Latest page is 8489.
2025-03-20 12:25:16,717 - [Stock] Crawling latest page: 8489
2025-03-20 12:25:16,823 - Duplicate article, skipping: https://www.ptt.cc/bbs/Stock/M.1742433539.A.29C.html
2025-03-20 12:25:16,887 - Duplicate article, skipping: https://www.ptt.cc/bbs/Stock/M.1742434536.A.EA6.html
2025-03-20 12:25:16,943 - Duplicate article, skipping: https://www.ptt.cc/bbs/Stock/M.1742435160.A.589.html
2025-03-20 12:25:17,010 - Duplicate article, skipping: https://www.ptt.cc/bbs/Stock/M.1742435212.A.CC7.html
2025-03-20 12:25:17,071 - Duplicate article, skipping: https://www.ptt.cc/bbs/Stock/M.1742436360.A.1A3.html
2025-03-20 12:25:17,148 - Duplicate article, skipping: https://www.ptt.cc/bbs/Stock/M.1742437220.A.B6D.html
2025-03-20 12:25:17,205 - Duplicate article, skipping: https://www.ptt.cc/bbs/Stock/M.1742437910.A.E0C.html
2025-03-20 12:25:17,248 - Duplicate article, skipping: https://www.ptt.cc/bbs/Stock/M.1742438406.A.43C.html
2025-03-20 12:25:17,290 - Duplicate article, skipping: https://www.ptt.cc/bbs/Stock/M.1742438557.A.337.html
2025-03-20 12:25:17,335 - Duplicate article, skipping: https://www.ptt.cc/bbs/Stock/M.1742439747.A.990.html
2025-03-20 12:25:17,378 - Duplicate article, skipping: https://www.ptt.cc/bbs/Stock/M.1742439973.A.751.html
2025-03-20 12:25:17,421 - Duplicate article, skipping: https://www.ptt.cc/bbs/Stock/M.1742441637.A.0D7.html
2025-03-20 12:25:17,488 - Duplicate article, skipping: https://www.ptt.cc/bbs/Stock/M.1742442628.A.7FB.html
2025-03-20 12:25:17,533 - Duplicate article, skipping: https://www.ptt.cc/bbs/Stock/M.1742443654.A.ED8.html
2025-03-20 12:25:17,596 - Duplicate article, skipping: https://www.ptt.cc/bbs/Stock/M.1742443835.A.7AB.html
2025-03-20 12:25:17,659 - Duplicate article, skipping: https://www.ptt.cc/bbs/Stock/M.1742444029.A.8D8.html
2025-03-20 12:25:17,771 - Duplicate article, skipping: https://www.ptt.cc/bbs/Stock/M.1719872231.A.9BA.html
2025-03-20 12:25:17,901 - Duplicate article, skipping: https://www.ptt.cc/bbs/Stock/M.1730738309.A.238.html
2025-03-20 12:25:17,956 - Duplicate article, skipping: https://www.ptt.cc/bbs/Stock/M.1739730011.A.267.html
2025-03-20 12:25:18,013 - Duplicate article, skipping: https://www.ptt.cc/bbs/Stock/M.1741674341.A.D28.html
2025-03-20 12:25:18,310 - Duplicate article, skipping: https://www.ptt.cc/bbs/Stock/M.1742430602.A.F16.html
2025-03-20 12:25:18,311 - [Stock] Finished crawling page 8489.
2025-03-20 12:25:18,357 - [Gossiping] Latest page determined: 39188
2025-03-20 12:25:18,358 - [Gossiping] Latest page is 39188.
2025-03-20 12:25:18,358 - [Gossiping] Crawling latest page: 39188
2025-03-20 12:25:18,448 - Duplicate article, skipping: https://www.ptt.cc/bbs/Gossiping/M.1742444365.A.43E.html
2025-03-20 12:25:18,572 - Duplicate article, skipping: https://www.ptt.cc/bbs/Gossiping/M.1730554547.A.41C.html
2025-03-20 12:25:18,672 - Duplicate article, skipping: https://www.ptt.cc/bbs/Gossiping/M.1737398137.A.644.html
2025-03-20 12:25:18,841 - Duplicate article, skipping: https://www.ptt.cc/bbs/Gossiping/M.1740024219.A.1EB.html
2025-03-20 12:25:18,946 - Duplicate article, skipping: https://www.ptt.cc/bbs/Gossiping/M.1741748289.A.407.html
2025-03-20 12:25:19,092 - Duplicate article, skipping: https://www.ptt.cc/bbs/Gossiping/M.1741791500.A.EB6.html
2025-03-20 12:25:19,093 - [Gossiping] Finished crawling page 39188.
2025-03-20 12:25:19,093 - Sleeping for 2 minutes before next crawl...
